LLM request failed: The read operation timed out

================================================================================
Traceback
================================================================================
Traceback (most recent call last):
  File "C:\Users\chris\AppData\Roaming\Python\Python312\site-packages\httpx\_transports\default.py", line 101, in map_httpcore_exceptions
    yield
  File "C:\Users\chris\AppData\Roaming\Python\Python312\site-packages\httpx\_transports\default.py", line 250, in handle_request
    resp = self._pool.handle_request(req)
           ^^^^^^^^^^^^^^^^^^^^^^^^^^^^^^
  File "C:\Users\chris\AppData\Roaming\Python\Python312\site-packages\httpcore\_sync\connection_pool.py", line 256, in handle_request
    raise exc from None
  File "C:\Users\chris\AppData\Roaming\Python\Python312\site-packages\httpcore\_sync\connection_pool.py", line 236, in handle_request
    response = connection.handle_request(
               ^^^^^^^^^^^^^^^^^^^^^^^^^^
  File "C:\Users\chris\AppData\Roaming\Python\Python312\site-packages\httpcore\_sync\connection.py", line 103, in handle_request
    return self._connection.handle_request(request)
           ^^^^^^^^^^^^^^^^^^^^^^^^^^^^^^^^^^^^^^^^
  File "C:\Users\chris\AppData\Roaming\Python\Python312\site-packages\httpcore\_sync\http11.py", line 136, in handle_request
    raise exc
  File "C:\Users\chris\AppData\Roaming\Python\Python312\site-packages\httpcore\_sync\http11.py", line 106, in handle_request
    ) = self._receive_response_headers(**kwargs)
        ^^^^^^^^^^^^^^^^^^^^^^^^^^^^^^^^^^^^^^^^
  File "C:\Users\chris\AppData\Roaming\Python\Python312\site-packages\httpcore\_sync\http11.py", line 177, in _receive_response_headers
    event = self._receive_event(timeout=timeout)
            ^^^^^^^^^^^^^^^^^^^^^^^^^^^^^^^^^^^^
  File "C:\Users\chris\AppData\Roaming\Python\Python312\site-packages\httpcore\_sync\http11.py", line 217, in _receive_event
    data = self._network_stream.read(
           ^^^^^^^^^^^^^^^^^^^^^^^^^^
  File "C:\Users\chris\AppData\Roaming\Python\Python312\site-packages\httpcore\_backends\sync.py", line 126, in read
    with map_exceptions(exc_map):
         ^^^^^^^^^^^^^^^^^^^^^^^
  File "C:\Python312\Lib\contextlib.py", line 158, in __exit__
    self.gen.throw(value)
  File "C:\Users\chris\AppData\Roaming\Python\Python312\site-packages\httpcore\_exceptions.py", line 14, in map_exceptions
    raise to_exc(exc) from exc
httpcore.ReadTimeout: The read operation timed out

The above exception was the direct cause of the following exception:

Traceback (most recent call last):
  File "C:\Users\chris\EpsteinEstateBatch7\BATCH7\batch7_process_text.py", line 259, in extract_text_content
    for chunk in client.models.generate_content_stream(
                 ^^^^^^^^^^^^^^^^^^^^^^^^^^^^^^^^^^^^^^
  File "C:\Users\chris\AppData\Roaming\Python\Python312\site-packages\google\genai\models.py", line 5096, in generate_content_stream
    for chunk in response:
                 ^^^^^^^^
  File "C:\Users\chris\AppData\Roaming\Python\Python312\site-packages\google\genai\models.py", line 4008, in _generate_content_stream
    for response_dict in self._api_client.request_streamed(
                         ^^^^^^^^^^^^^^^^^^^^^^^^^^^^^^^^^^
  File "C:\Users\chris\AppData\Roaming\Python\Python312\site-packages\google\genai\_api_client.py", line 693, in request_streamed
    session_response = self._request(http_request, stream=True)
                       ^^^^^^^^^^^^^^^^^^^^^^^^^^^^^^^^^^^^^^^^
  File "C:\Users\chris\AppData\Roaming\Python\Python312\site-packages\google\genai\_api_client.py", line 590, in _request
    response = self._httpx_client.send(httpx_request, stream=stream)
               ^^^^^^^^^^^^^^^^^^^^^^^^^^^^^^^^^^^^^^^^^^^^^^^^^^^^^
  File "C:\Users\chris\AppData\Roaming\Python\Python312\site-packages\httpx\_client.py", line 914, in send
    response = self._send_handling_auth(
               ^^^^^^^^^^^^^^^^^^^^^^^^^
  File "C:\Users\chris\AppData\Roaming\Python\Python312\site-packages\httpx\_client.py", line 942, in _send_handling_auth
    response = self._send_handling_redirects(
               ^^^^^^^^^^^^^^^^^^^^^^^^^^^^^^
  File "C:\Users\chris\AppData\Roaming\Python\Python312\site-packages\httpx\_client.py", line 979, in _send_handling_redirects
    response = self._send_single_request(request)
               ^^^^^^^^^^^^^^^^^^^^^^^^^^^^^^^^^^
  File "C:\Users\chris\AppData\Roaming\Python\Python312\site-packages\httpx\_client.py", line 1014, in _send_single_request
    response = transport.handle_request(request)
               ^^^^^^^^^^^^^^^^^^^^^^^^^^^^^^^^^
  File "C:\Users\chris\AppData\Roaming\Python\Python312\site-packages\httpx\_transports\default.py", line 249, in handle_request
    with map_httpcore_exceptions():
         ^^^^^^^^^^^^^^^^^^^^^^^^^
  File "C:\Python312\Lib\contextlib.py", line 158, in __exit__
    self.gen.throw(value)
  File "C:\Users\chris\AppData\Roaming\Python\Python312\site-packages\httpx\_transports\default.py", line 118, in map_httpcore_exceptions
    raise mapped_exc(message) from exc
httpx.ReadTimeout: The read operation timed out

